#
# A fatal error has been detected by the Java Runtime Environment:
#
#  SIGSEGV (0xb) at pc=0x0000000124a9f2d4, pid=68477, tid=0x0000000000000307
#
# JRE version: Java(TM) SE Runtime Environment (8.0_112-b16) (build 1.8.0_112-b16)
# Java VM: Java HotSpot(TM) 64-Bit Server VM (25.112-b16 mixed mode bsd-amd64 compressed oops)
# Problematic frame:
# C  [libglass.dylib+0x52d4]  -[GlassApplication applicationWillHide:]+0xd4
#
# Failed to write core dump. Core dumps have been disabled. To enable core dumping, try "ulimit -c unlimited" before starting Java again
#
# If you would like to submit a bug report, please visit:
#   http://bugreport.java.com/bugreport/crash.jsp
#

---------------  T H R E A D  ---------------

Current thread is native thread

siginfo: si_signo: 11 (SIGSEGV), si_code: 1 (SEGV_MAPERR), si_addr: 0x0000000000000000

Registers:
RAX=0x00007f82356ccb70, RBX=0x0000000000000000, RCX=0x00007f82370d7090, RDX=0x0000000000000000
RSP=0x00007ffee480c7e0, RBP=0x00007ffee480cc10, RSI=0x00007f82370d7000, RDI=0x00007f82370d7088
R8 =0x0000000000000000, R9 =0x00007f82356ccb70, R10=0x00007fff8ad90650, R11=0x00007fff313b705a
R12=0x00007fff64cc6880, R13=0x0000000124ae3550, R14=0x00007f82355483b0, R15=0x00007f82356ccb70
RIP=0x0000000124a9f2d4, EFLAGS=0x0000000000010202, ERR=0x0000000000000004
  TRAPNO=0x000000000000000e

Top of Stack: (sp=0x00007ffee480c7e0)
0x00007ffee480c7e0:   0000000124a9f275 00007fff2ed9518f
0x00007ffee480c7f0:   00007fff2ee25a63 00007fff2ee250f8
0x00007ffee480c800:   00007fff2ed9d7de 00007fff2ed05af2
0x00007ffee480c810:   00007fff2ed04f82 00007fff313c492b
0x00007ffee480c820:   00007fff2bf887d7 00007fff2bf8863e
0x00007ffee480c830:   00007fff2d8bcbb1 00007fff2d8bbf80
0x00007ffee480c840:   00007fff2d8d95b8 00007fff2bf54f9e
0x00007ffee480c850:   00007fff2bf53834 00007fff2bf4dfd4
0x00007ffee480c860:   000000012602814d 0000000129aa715f
0x00007ffee480c870:   00007fff3146089a 00007fff2ed4fa21
0x00007ffee480c880:   00007fff2ed4f9c0 00007fff2ed32f84
0x00007ffee480c890:   00007fff2ed32590 00007fff2ed31e13
0x00007ffee480c8a0:   000000010b3f4465 000000010b3f018c
0x00007ffee480c8b0:   000000010b3f64c2 000000010b3ef9e4
0x00007ffee480c8c0:   0000000000000006 0000000000000000
0x00007ffee480c8d0:   0000000000000000 0000000000000000
0x00007ffee480c8e0:   0000000000000000 0000000000000000
0x00007ffee480c8f0:   0000000000000000 0000000000000000
0x00007ffee480c900:   0000000000000000 0000000000000000
0x00007ffee480c910:   0000000000000000 0000000000000000
0x00007ffee480c920:   0000000000000000 0000000000000000
0x00007ffee480c930:   0000000000000000 0000000000000000
0x00007ffee480c940:   0000000000000000 0000000000000000
0x00007ffee480c950:   0000000000000000 0000000000000000
0x00007ffee480c960:   0000000000000000 0000000000000000
0x00007ffee480c970:   0000000000000000 0000000000000000
0x00007ffee480c980:   0000000000000000 0000000000000000
0x00007ffee480c990:   0000000000000000 0000000000000000
0x00007ffee480c9a0:   0000000000000000 0000000000000000
0x00007ffee480c9b0:   0000000000000000 0000000000000000
0x00007ffee480c9c0:   0000000000000000 0000000000000000
0x00007ffee480c9d0:   0000000000000000 0000000000000000 

Instructions: (pc=0x0000000124a9f2d4)
0x0000000124a9f2b4:   8b 35 16 f3 03 00 4c 8b 25 bf 7e 03 00 41 ff d4
0x0000000124a9f2c4:   48 8b 35 b5 f2 03 00 48 89 c7 41 ff d4 49 89 c7
0x0000000124a9f2d4:   48 8b 03 4c 8b a8 e8 01 00 00 48 8b 05 f3 0f 04
0x0000000124a9f2e4:   00 4d 8b 34 06 48 8b 3d 08 05 04 00 48 8b 35 11 

Register to memory mapping:

RAX=0x00007f82356ccb70 is an unknown value
RBX=0x0000000000000000 is an unknown value
RCX=0x00007f82370d7090 is an unknown value
RDX=0x0000000000000000 is an unknown value
RSP=0x00007ffee480c7e0 is an unknown value
RBP=0x00007ffee480cc10 is an unknown value
RSI=0x00007f82370d7000 is an unknown value
RDI=0x00007f82370d7088 is an unknown value
R8 =0x0000000000000000 is an unknown value
R9 =0x00007f82356ccb70 is an unknown value
R10=0x00007fff8ad90650: OBJC_CLASS_$_NSAutoreleasePool+0 in /System/Library/Frameworks/Foundation.framework/Versions/C/Foundation at 0x00007fff313b3000
R11=0x00007fff313b705a: -[NSAutoreleasePool init]+0 in /System/Library/Frameworks/Foundation.framework/Versions/C/Foundation at 0x00007fff313b3000
R12=0x00007fff64cc6880: objc_msgSend+0 in /usr/lib/libobjc.A.dylib at 0x00007fff64cc0000
R13=0x0000000124ae3550: jEnv+0 in /Library/Java/JavaVirtualMachines/jdk1.8.0_112.jdk/Contents/Home/jre/lib/libglass.dylib at 0x0000000124a9a000
R14=0x00007f82355483b0 is an unknown value
R15=0x00007f82356ccb70 is an unknown value


Stack: [0x00007ffee4012000,0x00007ffee4812000],  sp=0x00007ffee480c7e0,  free space=8169k
Native frames: (J=compiled Java code, j=interpreted, Vv=VM code, C=native code)
C  [libglass.dylib+0x52d4]  -[GlassApplication applicationWillHide:]+0xd4
C  [CoreFoundation+0x9d18f]  __CFNOTIFICATIONCENTER_IS_CALLING_OUT_TO_AN_OBSERVER__+0xc
C  [CoreFoundation+0x12da63]  ___CFXRegistrationPost1_block_invoke+0x3f
C  [CoreFoundation+0x12d0f8]  _CFXRegistrationPost1+0x174
C  [CoreFoundation+0xa57de]  ___CFXNotificationPost_block_invoke+0x61
C  [CoreFoundation+0xdaf2]  -[_CFXNotificationRegistrar find:object:observer:enumerator:]+0x627
C  [CoreFoundation+0xcf82]  _CFXNotificationPost+0x547
C  [Foundation+0x1192b]  -[NSNotificationCenter postNotificationName:object:userInfo:]+0x3b
C  [AppKit+0x4b7d7]  -[NSApplication _doHideMaybeFakingIt:]+0x118
C  [AppKit+0x4b63e]  _hideShowHandler+0x8a
C  [HIToolbox+0x8bb1]  _ZL23DispatchEventToHandlersP14EventTargetRecP14OpaqueEventRefP14HandlerCallRec+0x58b
C  [HIToolbox+0x7f80]  _ZL30SendEventToEventTargetInternalP14OpaqueEventRefP20OpaqueEventTargetRefP14HandlerCallRec+0x152
C  [HIToolbox+0x255b8]  SendEventToEventTarget+0x27
C  [AppKit+0x17f9e]  _DPSNextEvent+0x8b8
C  [AppKit+0x16834]  -[NSApplication(NSEvent) _nextEventMatchingEventMask:untilDate:inMode:dequeue:]+0x548
C  [AppKit+0x10fd4]  -[NSApplication run]+0x292
C  [libosxapp.dylib+0x214d]  +[NSApplicationAWT runAWTLoopWithApp:]+0x9c
C  [libawt_lwawt.dylib+0x4615f]  -[AWTStarter starter:]+0x389
C  [Foundation+0xad89a]  __NSThreadPerformPerform+0xfe
C  [CoreFoundation+0x57a21]  __CFRUNLOOP_IS_CALLING_OUT_TO_A_SOURCE0_PERFORM_FUNCTION__+0x11
C  [CoreFoundation+0x579c0]  __CFRunLoopDoSource0+0x67
C  [CoreFoundation+0x3af84]  __CFRunLoopDoSources0+0xd1
C  [CoreFoundation+0x3a590]  __CFRunLoopRun+0x4f8
C  [CoreFoundation+0x39e13]  CFRunLoopRunSpecific+0x1f3
C  [java+0x6465]  CreateExecutionEnvironment+0x367
C  [java+0x218c]  JLI_Launch+0x7a0
C  [java+0x84c2]  main+0x65
C  [java+0x19e4]  start+0x34


---------------  P R O C E S S  ---------------

VM state:not at safepoint (normal execution)

VM Mutex/Monitor currently owned by a thread: None

Heap:
 PSYoungGen      total 38400K, used 3558K [0x0000000795580000, 0x0000000798000000, 0x00000007c0000000)
  eden space 33280K, 10% used [0x0000000795580000,0x00000007958f98f8,0x0000000797600000)
  from space 5120K, 0% used [0x0000000797b00000,0x0000000797b00000,0x0000000798000000)
  to   space 5120K, 0% used [0x0000000797600000,0x0000000797600000,0x0000000797b00000)
 ParOldGen       total 54272K, used 10425K [0x0000000740000000, 0x0000000743500000, 0x0000000795580000)
  object space 54272K, 19% used [0x0000000740000000,0x0000000740a2e758,0x0000000743500000)
 Metaspace       used 20432K, capacity 21774K, committed 22016K, reserved 1069056K
  class space    used 2942K, capacity 3206K, committed 3328K, reserved 1048576K

Card table byte_map: [0x000000010d162000,0x000000010d563000] byte_map_base: 0x0000000109762000

Marking Bits: (ParMarkBitMap*) 0x000000010c6f0d30
 Begin Bits: [0x000000010d80e000, 0x000000010f80e000)
 End Bits:   [0x000000010f80e000, 0x000000011180e000)

Polling page: 0x000000010b45c000

CodeCache: size=245760Kb used=8514Kb max_used=8514Kb free=237245Kb
 bounds [0x0000000113891000, 0x00000001140f1000, 0x0000000122891000]
 total_blobs=3465 nmethods=2776 adapters=601
 compilation: enabled

Compilation events (10 events):
Event: 51.256 Thread 0x00007f8236038800 2795       4       java.lang.Double::doubleToLongBits (33 bytes)
Event: 51.256 Thread 0x00007f823603a000 2796       3       javafx.scene.paint.Stop::hashCode (56 bytes)
Event: 51.257 Thread 0x00007f823603a000 nmethod 2796 0x00000001140dfa90 code [0x00000001140dfc00, 0x00000001140dffc8]
Event: 51.257 Thread 0x00007f8236038800 nmethod 2795 0x00000001140e1990 code [0x00000001140e1ae0, 0x00000001140e1b58]
Event: 51.366 Thread 0x00007f823603a000 2797       3       javafx.scene.Node::relocate (90 bytes)
Event: 51.373 Thread 0x00007f823603a000 nmethod 2797 0x00000001140e48d0 code [0x00000001140e4c80, 0x00000001140e7028]
Event: 67.945 Thread 0x00007f823603a000 2798       3       java.lang.StringCoding::deref (19 bytes)
Event: 67.945 Thread 0x00007f823603a000 nmethod 2798 0x00000001140df310 code [0x00000001140df4a0, 0x00000001140df948]
Event: 67.945 Thread 0x00007f823603a000 2799       1       java.nio.charset.Charset::name (5 bytes)
Event: 67.945 Thread 0x00007f823603a000 nmethod 2799 0x00000001140df050 code [0x00000001140df1a0, 0x00000001140df2b0]

GC Heap History (6 events):
Event: 1.743 GC heap before
{Heap before GC invocations=1 (full 0):
 PSYoungGen      total 38400K, used 33280K [0x0000000795580000, 0x0000000798000000, 0x00000007c0000000)
  eden space 33280K, 100% used [0x0000000795580000,0x0000000797600000,0x0000000797600000)
  from space 5120K, 0% used [0x0000000797b00000,0x0000000797b00000,0x0000000798000000)
  to   space 5120K, 0% used [0x0000000797600000,0x0000000797600000,0x0000000797b00000)
 ParOldGen       total 87552K, used 0K [0x0000000740000000, 0x0000000745580000, 0x0000000795580000)
  object space 87552K, 0% used [0x0000000740000000,0x0000000740000000,0x0000000745580000)
 Metaspace       used 13219K, capacity 13672K, committed 13696K, reserved 1060864K
  class space    used 1795K, capacity 1908K, committed 1920K, reserved 1048576K
Event: 1.749 GC heap after
Heap after GC invocations=1 (full 0):
 PSYoungGen      total 38400K, used 4496K [0x0000000795580000, 0x0000000798000000, 0x00000007c0000000)
  eden space 33280K, 0% used [0x0000000795580000,0x0000000795580000,0x0000000797600000)
  from space 5120K, 87% used [0x0000000797600000,0x0000000797a64030,0x0000000797b00000)
  to   space 5120K, 0% used [0x0000000797b00000,0x0000000797b00000,0x0000000798000000)
 ParOldGen       total 87552K, used 72K [0x0000000740000000, 0x0000000745580000, 0x0000000795580000)
  object space 87552K, 0% used [0x0000000740000000,0x0000000740012010,0x0000000745580000)
 Metaspace       used 13219K, capacity 13672K, committed 13696K, reserved 1060864K
  class space    used 1795K, capacity 1908K, committed 1920K, reserved 1048576K
}
Event: 45.610 GC heap before
{Heap before GC invocations=2 (full 0):
 PSYoungGen      total 38400K, used 36109K [0x0000000795580000, 0x0000000798000000, 0x00000007c0000000)
  eden space 33280K, 94% used [0x0000000795580000,0x000000079745f768,0x0000000797600000)
  from space 5120K, 87% used [0x0000000797600000,0x0000000797a64030,0x0000000797b00000)
  to   space 5120K, 0% used [0x0000000797b00000,0x0000000797b00000,0x0000000798000000)
 ParOldGen       total 87552K, used 72K [0x0000000740000000, 0x0000000745580000, 0x0000000795580000)
  object space 87552K, 0% used [0x0000000740000000,0x0000000740012010,0x0000000745580000)
 Metaspace       used 20010K, capacity 21292K, committed 21296K, reserved 1067008K
  class space    used 2905K, capacity 3197K, committed 3200K, reserved 1048576K
Event: 45.631 GC heap after
Heap after GC invocations=2 (full 0):
 PSYoungGen      total 38400K, used 5104K [0x0000000795580000, 0x0000000798000000, 0x00000007c0000000)
  eden space 33280K, 0% used [0x0000000795580000,0x0000000795580000,0x0000000797600000)
  from space 5120K, 99% used [0x0000000797b00000,0x0000000797ffc050,0x0000000798000000)
  to   space 5120K, 0% used [0x0000000797600000,0x0000000797600000,0x0000000797b00000)
 ParOldGen       total 87552K, used 8403K [0x0000000740000000, 0x0000000745580000, 0x0000000795580000)
  object space 87552K, 9% used [0x0000000740000000,0x0000000740834f08,0x0000000745580000)
 Metaspace       used 20010K, capacity 21292K, committed 21296K, reserved 1067008K
  class space    used 2905K, capacity 3197K, committed 3200K, reserved 1048576K
}
Event: 45.631 GC heap before
{Heap before GC invocations=3 (full 1):
 PSYoungGen      total 38400K, used 5104K [0x0000000795580000, 0x0000000798000000, 0x00000007c0000000)
  eden space 33280K, 0% used [0x0000000795580000,0x0000000795580000,0x0000000797600000)
  from space 5120K, 99% used [0x0000000797b00000,0x0000000797ffc050,0x0000000798000000)
  to   space 5120K, 0% used [0x0000000797600000,0x0000000797600000,0x0000000797b00000)
 ParOldGen       total 87552K, used 8403K [0x0000000740000000, 0x0000000745580000, 0x0000000795580000)
  object space 87552K, 9% used [0x0000000740000000,0x0000000740834f08,0x0000000745580000)
 Metaspace       used 20010K, capacity 21292K, committed 21296K, reserved 1067008K
  class space    used 2905K, capacity 3197K, committed 3200K, reserved 1048576K
Event: 45.677 GC heap after
Heap after GC invocations=3 (full 1):
 PSYoungGen      total 38400K, used 0K [0x0000000795580000, 0x0000000798000000, 0x00000007c0000000)
  eden space 33280K, 0% used [0x0000000795580000,0x0000000795580000,0x0000000797600000)
  from space 5120K, 0% used [0x0000000797b00000,0x0000000797b00000,0x0000000798000000)
  to   space 5120K, 0% used [0x0000000797600000,0x0000000797600000,0x0000000797b00000)
 ParOldGen       total 54272K, used 10425K [0x0000000740000000, 0x0000000743500000, 0x0000000795580000)
  object space 54272K, 19% used [0x0000000740000000,0x0000000740a2e758,0x0000000743500000)
 Metaspace       used 20010K, capacity 21292K, committed 21296K, reserved 1067008K
  class space    used 2905K, capacity 3197K, committed 3200K, reserved 1048576K
}

Deoptimization events (10 events):
Event: 45.604 Thread 0x00007f82370d8000 Uncommon trap: reason=class_check action=maybe_recompile pc=0x0000000114049030 method=javafx.scene.Node$MiscProperties.getEffect()Ljavafx/scene/effect/Effect; @ 20
Event: 45.604 Thread 0x00007f82370d8000 Uncommon trap: reason=class_check action=maybe_recompile pc=0x0000000114049030 method=javafx.scene.Node$MiscProperties.getEffect()Ljavafx/scene/effect/Effect; @ 20
Event: 45.604 Thread 0x00007f82370d8000 Uncommon trap: reason=class_check action=maybe_recompile pc=0x0000000114049030 method=javafx.scene.Node$MiscProperties.getEffect()Ljavafx/scene/effect/Effect; @ 20
Event: 45.605 Thread 0x00007f82370d8000 Uncommon trap: reason=class_check action=maybe_recompile pc=0x0000000114049030 method=javafx.scene.Node$MiscProperties.getEffect()Ljavafx/scene/effect/Effect; @ 20
Event: 45.678 Thread 0x00007f82370c9000 Uncommon trap: reason=class_check action=maybe_recompile pc=0x0000000113e28c04 method=java.util.concurrent.ConcurrentHashMap.putVal(Ljava/lang/Object;Ljava/lang/Object;Z)Ljava/lang/Object; @ 192
Event: 46.076 Thread 0x00007f82370d8000 Uncommon trap: reason=bimorphic action=maybe_recompile pc=0x0000000114015754 method=javafx.beans.property.BooleanPropertyBase.get()Z @ 23
Event: 46.076 Thread 0x00007f82370d8000 Uncommon trap: reason=bimorphic action=maybe_recompile pc=0x0000000114003854 method=javafx.beans.property.BooleanPropertyBase.get()Z @ 23
Event: 46.076 Thread 0x00007f82370d8000 Uncommon trap: reason=bimorphic action=maybe_recompile pc=0x0000000114003854 method=javafx.beans.property.BooleanPropertyBase.get()Z @ 23
Event: 46.076 Thread 0x00007f82370d8000 Uncommon trap: reason=bimorphic action=maybe_recompile pc=0x0000000114003854 method=javafx.beans.property.BooleanPropertyBase.get()Z @ 23
Event: 46.076 Thread 0x00007f82370d8000 Uncommon trap: reason=unstable_if action=reinterpret pc=0x0000000114014c88 method=javafx.scene.Node$MiscProperties.isMouseTransparent()Z @ 4

Internal exceptions (10 events):
Event: 1.052 Thread 0x00007f82370d8000 Exception <a 'java/lang/NullPointerException'> (0x0000000796877450) thrown at [/Users/java_re/workspace/8-2-build-macosx-x86_64/jdk8u112/7935/hotspot/src/share/vm/prims/jvm.cpp, line 1394]
Event: 1.279 Thread 0x00007f82370d8000 Exception <a 'java/lang/ArrayIndexOutOfBoundsException'> (0x0000000796ef38d8) thrown at [/Users/java_re/workspace/8-2-build-macosx-x86_64/jdk8u112/7935/hotspot/src/share/vm/runtime/sharedRuntime.cpp, line 605]
Event: 1.279 Thread 0x00007f82370d8000 Exception <a 'java/lang/ArrayIndexOutOfBoundsException'> (0x0000000796ef5cd0) thrown at [/Users/java_re/workspace/8-2-build-macosx-x86_64/jdk8u112/7935/hotspot/src/share/vm/runtime/sharedRuntime.cpp, line 605]
Event: 1.280 Thread 0x00007f82370d8000 Exception <a 'java/lang/ArrayIndexOutOfBoundsException'> (0x0000000796ef7bb8) thrown at [/Users/java_re/workspace/8-2-build-macosx-x86_64/jdk8u112/7935/hotspot/src/share/vm/runtime/sharedRuntime.cpp, line 605]
Event: 1.287 Thread 0x00007f82370d8000 Exception <a 'java/lang/ArrayIndexOutOfBoundsException'> (0x0000000796f12f30) thrown at [/Users/java_re/workspace/8-2-build-macosx-x86_64/jdk8u112/7935/hotspot/src/share/vm/runtime/sharedRuntime.cpp, line 605]
Event: 1.290 Thread 0x00007f82370d8000 Exception <a 'java/lang/ArrayIndexOutOfBoundsException'> (0x0000000796f2c838) thrown at [/Users/java_re/workspace/8-2-build-macosx-x86_64/jdk8u112/7935/hotspot/src/share/vm/runtime/sharedRuntime.cpp, line 605]
Event: 1.366 Thread 0x00007f82370d8000 Exception <a 'java/lang/ArrayIndexOutOfBoundsException'> (0x000000079717ba48) thrown at [/Users/java_re/workspace/8-2-build-macosx-x86_64/jdk8u112/7935/hotspot/src/share/vm/runtime/sharedRuntime.cpp, line 605]
Event: 1.740 Thread 0x00007f82370d8000 Implicit null exception at 0x0000000113ae0c35 to 0x0000000113ae0e31
Event: 1.740 Thread 0x00007f82370d8000 Implicit null exception at 0x0000000113b625db to 0x0000000113b62c79
Event: 45.575 Thread 0x00007f82370d8000 Implicit null exception at 0x0000000113f9dae8 to 0x0000000113f9e6e1

Events (10 events):
Event: 67.943 loading class java/lang/ProcessEnvironment$Variable
Event: 67.943 loading class java/lang/ProcessEnvironment$ExternalData
Event: 67.943 loading class java/lang/ProcessEnvironment$ExternalData done
Event: 67.943 loading class java/lang/ProcessEnvironment$Variable done
Event: 67.943 loading class java/lang/ProcessEnvironment$Value
Event: 67.944 loading class java/lang/ProcessEnvironment$Value done
Event: 67.944 loading class java/lang/ProcessEnvironment$StringEnvironment
Event: 67.944 loading class java/lang/ProcessEnvironment$StringEnvironment done
Event: 67.944 loading class java/util/Collections$UnmodifiableMap
Event: 67.944 loading class java/util/Collections$UnmodifiableMap done


Dynamic libraries:
0x0000000002175000 	/System/Library/Frameworks/Cocoa.framework/Versions/A/Cocoa
0x0000000002175000 	/System/Library/Frameworks/Security.framework/Versions/A/Security
0x0000000002175000 	/System/Library/Frameworks/ApplicationServices.framework/Versions/A/ApplicationServices
0x0000000002175000 	/usr/lib/libz.1.dylib
0x0000000002175000 	/usr/lib/libSystem.B.dylib
0x0000000002175000 	/usr/lib/libobjc.A.dylib
0x0000000002175000 	/System/Library/Frameworks/CoreFoundation.framework/Versions/A/CoreFoundation
0x0000000002175000 	/System/Library/Frameworks/Foundation.framework/Versions/C/Foundation
0x0000000002175000 	/System/Library/Frameworks/AppKit.framework/Versions/C/AppKit
0x0000000002175000 	/System/Library/Frameworks/CoreData.framework/Versions/A/CoreData
0x0000000002175000 	/System/Library/PrivateFrameworks/UIFoundation.framework/Versions/A/UIFoundation
0x0000000002175000 	/System/Library/PrivateFrameworks/RemoteViewServices.framework/Versions/A/RemoteViewServices
0x0000000002175000 	/System/Library/PrivateFrameworks/XCTTargetBootstrap.framework/Versions/A/XCTTargetBootstrap
0x0000000002175000 	/System/Library/Frameworks/CoreDisplay.framework/Versions/A/CoreDisplay
0x0000000002175000 	/System/Library/Frameworks/Metal.framework/Versions/A/Metal
0x0000000002175000 	/System/Library/PrivateFrameworks/DesktopServicesPriv.framework/Versions/A/DesktopServicesPriv
0x0000000002175000 	/usr/lib/liblangid.dylib
0x0000000002175000 	/System/Library/PrivateFrameworks/CoreSVG.framework/Versions/A/CoreSVG
0x0000000002175000 	/System/Library/PrivateFrameworks/SkyLight.framework/Versions/A/SkyLight
0x0000000002175000 	/System/Library/Frameworks/CoreGraphics.framework/Versions/A/CoreGraphics
0x0000000002175000 	/System/Library/Frameworks/Accelerate.framework/Versions/A/Accelerate
0x0000000002175000 	/usr/lib/libxml2.2.dylib
0x0000000002175000 	/System/Library/PrivateFrameworks/IconServices.framework/Versions/A/IconServices
0x0000000002175000 	/System/Library/Frameworks/IOSurface.framework/Versions/A/IOSurface
0x0000000002175000 	/usr/lib/libDiagnosticMessagesClient.dylib
0x0000000002175000 	/System/Library/PrivateFrameworks/DFRFoundation.framework/Versions/A/DFRFoundation
0x0000000002175000 	/usr/lib/libicucore.A.dylib
0x0000000002175000 	/System/Library/Frameworks/AudioToolbox.framework/Versions/A/AudioToolbox
0x0000000002175000 	/System/Library/Frameworks/AudioUnit.framework/Versions/A/AudioUnit
0x0000000002175000 	/usr/lib/libauto.dylib
0x0000000002175000 	/System/Library/PrivateFrameworks/DataDetectorsCore.framework/Versions/A/DataDetectorsCore
0x0000000002175000 	/System/Library/Frameworks/Carbon.framework/Versions/A/Frameworks/HIToolbox.framework/Versions/A/HIToolbox
0x0000000002175000 	/System/Library/Frameworks/QuartzCore.framework/Versions/A/QuartzCore
0x0000000002175000 	/System/Library/Frameworks/Carbon.framework/Versions/A/Frameworks/SpeechRecognition.framework/Versions/A/SpeechRecognition
0x0000000002175000 	/System/Library/PrivateFrameworks/CoreUI.framework/Versions/A/CoreUI
0x0000000002175000 	/System/Library/Frameworks/CoreAudio.framework/Versions/A/CoreAudio
0x0000000002175000 	/System/Library/Frameworks/DiskArbitration.framework/Versions/A/DiskArbitration
0x0000000002175000 	/System/Library/PrivateFrameworks/MultitouchSupport.framework/Versions/A/MultitouchSupport
0x0000000002175000 	/usr/lib/libenergytrace.dylib
0x0000000002175000 	/System/Library/Frameworks/IOKit.framework/Versions/A/IOKit
0x0000000002175000 	/System/Library/Frameworks/CoreServices.framework/Versions/A/CoreServices
0x0000000002175000 	/System/Library/PrivateFrameworks/PerformanceAnalysis.framework/Versions/A/PerformanceAnalysis
0x0000000002175000 	/System/Library/Frameworks/OpenGL.framework/Versions/A/OpenGL
0x0000000002175000 	/System/Library/Frameworks/ColorSync.framework/Versions/A/ColorSync
0x0000000002175000 	/System/Library/Frameworks/CoreImage.framework/Versions/A/CoreImage
0x0000000002175000 	/System/Library/Frameworks/CoreText.framework/Versions/A/CoreText
0x0000000002175000 	/System/Library/Frameworks/ImageIO.framework/Versions/A/ImageIO
0x0000000002175000 	/usr/lib/libc++.1.dylib
0x0000000002175000 	/usr/lib/libcompression.dylib
0x0000000002175000 	/usr/lib/libMobileGestalt.dylib
0x0000000002175000 	/System/Library/PrivateFrameworks/TextureIO.framework/Versions/A/TextureIO
0x0000000002175000 	/usr/lib/libate.dylib
0x0000000002175000 	/System/Library/PrivateFrameworks/InternationalSupport.framework/Versions/A/InternationalSupport
0x0000000002175000 	/usr/lib/system/libcache.dylib
0x0000000002175000 	/usr/lib/system/libcommonCrypto.dylib
0x0000000002175000 	/usr/lib/system/libcompiler_rt.dylib
0x0000000002175000 	/usr/lib/system/libcopyfile.dylib
0x0000000002175000 	/usr/lib/system/libcorecrypto.dylib
0x0000000002175000 	/usr/lib/system/libdispatch.dylib
0x0000000002175000 	/usr/lib/system/libdyld.dylib
0x0000000002175000 	/usr/lib/system/libkeymgr.dylib
0x0000000002175000 	/usr/lib/system/liblaunch.dylib
0x0000000002175000 	/usr/lib/system/libmacho.dylib
0x0000000002175000 	/usr/lib/system/libquarantine.dylib
0x0000000002175000 	/usr/lib/system/libremovefile.dylib
0x0000000002175000 	/usr/lib/system/libsystem_asl.dylib
0x0000000002175000 	/usr/lib/system/libsystem_blocks.dylib
0x0000000002175000 	/usr/lib/system/libsystem_c.dylib
0x0000000002175000 	/usr/lib/system/libsystem_configuration.dylib
0x0000000002175000 	/usr/lib/system/libsystem_coreservices.dylib
0x0000000002175000 	/usr/lib/system/libsystem_darwin.dylib
0x0000000002175000 	/usr/lib/system/libsystem_dnssd.dylib
0x0000000002175000 	/usr/lib/system/libsystem_featureflags.dylib
0x0000000002175000 	/usr/lib/system/libsystem_info.dylib
0x0000000002175000 	/usr/lib/system/libsystem_m.dylib
0x0000000002175000 	/usr/lib/system/libsystem_malloc.dylib
0x0000000002175000 	/usr/lib/system/libsystem_networkextension.dylib
0x0000000002175000 	/usr/lib/system/libsystem_notify.dylib
0x0000000002175000 	/usr/lib/system/libsystem_sandbox.dylib
0x0000000002175000 	/usr/lib/system/libsystem_secinit.dylib
0x0000000002175000 	/usr/lib/system/libsystem_kernel.dylib
0x0000000002175000 	/usr/lib/system/libsystem_platform.dylib
0x0000000002175000 	/usr/lib/system/libsystem_pthread.dylib
0x0000000002175000 	/usr/lib/system/libsystem_symptoms.dylib
0x0000000002175000 	/usr/lib/system/libsystem_trace.dylib
0x0000000002175000 	/usr/lib/system/libunwind.dylib
0x0000000002175000 	/usr/lib/system/libxpc.dylib
0x0000000002175000 	/usr/lib/libc++abi.dylib
0x0000000002175000 	/usr/lib/liblzma.5.dylib
0x0000000002175000 	/usr/lib/libfakelink.dylib
0x0000000002175000 	/usr/lib/libarchive.2.dylib
0x0000000002175000 	/System/Library/Frameworks/SystemConfiguration.framework/Versions/A/SystemConfiguration
0x0000000002175000 	/usr/lib/libCRFSuite.dylib
0x0000000002175000 	/System/Library/Frameworks/CFNetwork.framework/Versions/A/CFNetwork
0x0000000002175000 	/usr/lib/libbsm.0.dylib
0x0000000002175000 	/usr/lib/system/libkxld.dylib
0x0000000002175000 	/System/Library/PrivateFrameworks/AppleFSCompression.framework/Versions/A/AppleFSCompression
0x0000000002175000 	/usr/lib/libcoretls.dylib
0x0000000002175000 	/usr/lib/libcoretls_cfhelpers.dylib
0x0000000002175000 	/usr/lib/libpam.2.dylib
0x0000000002175000 	/usr/lib/libsqlite3.dylib
0x0000000002175000 	/usr/lib/libxar.1.dylib
0x0000000002175000 	/usr/lib/libbz2.1.0.dylib
0x0000000002175000 	/usr/lib/libiconv.2.dylib
0x0000000002175000 	/usr/lib/libcharset.1.dylib
0x0000000002175000 	/usr/lib/libnetwork.dylib
0x0000000002175000 	/usr/lib/libpcap.A.dylib
0x0000000002175000 	/usr/lib/libapple_nghttp2.dylib
0x0000000002175000 	/System/Library/Frameworks/CoreServices.framework/Versions/A/Frameworks/FSEvents.framework/Versions/A/FSEvents
0x0000000002175000 	/System/Library/Frameworks/CoreServices.framework/Versions/A/Frameworks/CarbonCore.framework/Versions/A/CarbonCore
0x0000000002175000 	/System/Library/Frameworks/CoreServices.framework/Versions/A/Frameworks/Metadata.framework/Versions/A/Metadata
0x0000000002175000 	/System/Library/Frameworks/CoreServices.framework/Versions/A/Frameworks/OSServices.framework/Versions/A/OSServices
0x0000000002175000 	/System/Library/Frameworks/CoreServices.framework/Versions/A/Frameworks/SearchKit.framework/Versions/A/SearchKit
0x0000000002175000 	/System/Library/Frameworks/CoreServices.framework/Versions/A/Frameworks/AE.framework/Versions/A/AE
0x0000000002175000 	/System/Library/Frameworks/CoreServices.framework/Versions/A/Frameworks/LaunchServices.framework/Versions/A/LaunchServices
0x0000000002175000 	/System/Library/Frameworks/CoreServices.framework/Versions/A/Frameworks/DictionaryServices.framework/Versions/A/DictionaryServices
0x0000000002175000 	/System/Library/Frameworks/CoreServices.framework/Versions/A/Frameworks/SharedFileList.framework/Versions/A/SharedFileList
0x0000000002175000 	/System/Library/Frameworks/NetFS.framework/Versions/A/NetFS
0x0000000002175000 	/System/Library/PrivateFrameworks/NetAuth.framework/Versions/A/NetAuth
0x0000000002175000 	/System/Library/PrivateFrameworks/login.framework/Versions/A/Frameworks/loginsupport.framework/Versions/A/loginsupport
0x0000000002175000 	/System/Library/PrivateFrameworks/TCC.framework/Versions/A/TCC
0x0000000002175000 	/System/Library/PrivateFrameworks/CoreNLP.framework/Versions/A/CoreNLP
0x0000000002175000 	/System/Library/PrivateFrameworks/MetadataUtilities.framework/Versions/A/MetadataUtilities
0x0000000002175000 	/usr/lib/libmecabra.dylib
0x0000000002175000 	/usr/lib/libmecab.dylib
0x0000000002175000 	/usr/lib/libgermantok.dylib
0x0000000002175000 	/usr/lib/libThaiTokenizer.dylib
0x0000000002175000 	/usr/lib/libChineseTokenizer.dylib
0x0000000002175000 	/System/Library/Frameworks/Accelerate.framework/Versions/A/Frameworks/vImage.framework/Versions/A/vImage
0x0000000002175000 	/System/Library/Frameworks/Accelerate.framework/Versions/A/Frameworks/vecLib.framework/Versions/A/vecLib
0x0000000002175000 	/System/Library/Frameworks/Accelerate.framework/Versions/A/Frameworks/vecLib.framework/Versions/A/libvMisc.dylib
0x0000000002175000 	/System/Library/Frameworks/Accelerate.framework/Versions/A/Frameworks/vecLib.framework/Versions/A/libvDSP.dylib
0x0000000002175000 	/System/Library/Frameworks/Accelerate.framework/Versions/A/Frameworks/vecLib.framework/Versions/A/libBLAS.dylib
0x0000000002175000 	/System/Library/Frameworks/Accelerate.framework/Versions/A/Frameworks/vecLib.framework/Versions/A/libLAPACK.dylib
0x0000000002175000 	/System/Library/Frameworks/Accelerate.framework/Versions/A/Frameworks/vecLib.framework/Versions/A/libLinearAlgebra.dylib
0x0000000002175000 	/System/Library/Frameworks/Accelerate.framework/Versions/A/Frameworks/vecLib.framework/Versions/A/libSparseBLAS.dylib
0x0000000002175000 	/System/Library/Frameworks/Accelerate.framework/Versions/A/Frameworks/vecLib.framework/Versions/A/libQuadrature.dylib
0x0000000002175000 	/System/Library/Frameworks/Accelerate.framework/Versions/A/Frameworks/vecLib.framework/Versions/A/libBNNS.dylib
0x0000000002175000 	/System/Library/Frameworks/Accelerate.framework/Versions/A/Frameworks/vecLib.framework/Versions/A/libSparse.dylib
0x0000000002175000 	/System/Library/PrivateFrameworks/LanguageModeling.framework/Versions/A/LanguageModeling
0x0000000002175000 	/System/Library/PrivateFrameworks/CoreEmoji.framework/Versions/A/CoreEmoji
0x0000000002175000 	/System/Library/PrivateFrameworks/LinguisticData.framework/Versions/A/LinguisticData
0x0000000002175000 	/System/Library/PrivateFrameworks/Lexicon.framework/Versions/A/Lexicon
0x0000000002175000 	/usr/lib/libcmph.dylib
0x0000000002175000 	/System/Library/Frameworks/OpenDirectory.framework/Versions/A/Frameworks/CFOpenDirectory.framework/Versions/A/CFOpenDirectory
0x0000000002175000 	/System/Library/Frameworks/OpenDirectory.framework/Versions/A/OpenDirectory
0x0000000002175000 	/System/Library/PrivateFrameworks/APFS.framework/Versions/A/APFS
0x0000000002175000 	/System/Library/Frameworks/SecurityFoundation.framework/Versions/A/SecurityFoundation
0x0000000002175000 	/usr/lib/libutil.dylib
0x0000000002175000 	/System/Library/PrivateFrameworks/CoreServicesStore.framework/Versions/A/CoreServicesStore
0x0000000002175000 	/System/Library/Frameworks/ServiceManagement.framework/Versions/A/ServiceManagement
0x0000000002175000 	/System/Library/PrivateFrameworks/BackgroundTaskManagement.framework/Versions/A/BackgroundTaskManagement
0x0000000002175000 	/usr/lib/libxslt.1.dylib
0x0000000002175000 	/System/Library/PrivateFrameworks/AppleSystemInfo.framework/Versions/A/AppleSystemInfo
0x0000000002175000 	/System/Library/Frameworks/ImageIO.framework/Versions/A/Resources/libJPEG.dylib
0x0000000002175000 	/System/Library/Frameworks/ImageIO.framework/Versions/A/Resources/libTIFF.dylib
0x0000000002175000 	/System/Library/Frameworks/ImageIO.framework/Versions/A/Resources/libPng.dylib
0x0000000002175000 	/System/Library/Frameworks/ImageIO.framework/Versions/A/Resources/libGIF.dylib
0x0000000002175000 	/System/Library/Frameworks/ImageIO.framework/Versions/A/Resources/libJP2.dylib
0x0000000002175000 	/System/Library/Frameworks/ImageIO.framework/Versions/A/Resources/libRadiance.dylib
0x0000000002175000 	/usr/lib/libexpat.1.dylib
0x0000000002175000 	/System/Library/PrivateFrameworks/AppleJPEG.framework/Versions/A/AppleJPEG
0x0000000002175000 	/System/Library/PrivateFrameworks/FontServices.framework/libFontParser.dylib
0x0000000002175000 	/System/Library/PrivateFrameworks/WatchdogClient.framework/Versions/A/WatchdogClient
0x0000000002175000 	/System/Library/PrivateFrameworks/IOAccelerator.framework/Versions/A/IOAccelerator
0x0000000002175000 	/System/Library/Frameworks/MetalPerformanceShaders.framework/Versions/A/MetalPerformanceShaders
0x0000000002175000 	/System/Library/PrivateFrameworks/GPUWrangler.framework/Versions/A/GPUWrangler
0x0000000002175000 	/System/Library/PrivateFrameworks/IOPresentment.framework/Versions/A/IOPresentment
0x0000000002175000 	/System/Library/PrivateFrameworks/DSExternalDisplay.framework/Versions/A/DSExternalDisplay
0x0000000002175000 	/System/Library/Frameworks/OpenGL.framework/Versions/A/Libraries/libCoreFSCache.dylib
0x0000000002175000 	/System/Library/Frameworks/MetalPerformanceShaders.framework/Frameworks/MPSCore.framework/Versions/A/MPSCore
0x0000000002175000 	/System/Library/Frameworks/MetalPerformanceShaders.framework/Frameworks/MPSImage.framework/Versions/A/MPSImage
0x0000000002175000 	/System/Library/Frameworks/MetalPerformanceShaders.framework/Frameworks/MPSNeuralNetwork.framework/Versions/A/MPSNeuralNetwork
0x0000000002175000 	/System/Library/Frameworks/MetalPerformanceShaders.framework/Frameworks/MPSMatrix.framework/Versions/A/MPSMatrix
0x0000000002175000 	/System/Library/Frameworks/MetalPerformanceShaders.framework/Frameworks/MPSRayIntersector.framework/Versions/A/MPSRayIntersector
0x0000000002175000 	/System/Library/Frameworks/MetalPerformanceShaders.framework/Frameworks/MPSNDArray.framework/Versions/A/MPSNDArray
0x0000000002175000 	/System/Library/PrivateFrameworks/MetalTools.framework/Versions/A/MetalTools
0x0000000002175000 	/System/Library/PrivateFrameworks/AggregateDictionary.framework/Versions/A/AggregateDictionary
0x0000000002175000 	/System/Library/PrivateFrameworks/CoreAnalytics.framework/Versions/A/CoreAnalytics
0x0000000002175000 	/System/Library/PrivateFrameworks/AppleSauce.framework/Versions/A/AppleSauce
0x0000000002175000 	/usr/lib/libIOReport.dylib
0x0000000002175000 	/System/Library/Frameworks/CoreVideo.framework/Versions/A/CoreVideo
0x0000000002175000 	/System/Library/PrivateFrameworks/GraphVisualizer.framework/Versions/A/GraphVisualizer
0x0000000002175000 	/System/Library/PrivateFrameworks/FaceCore.framework/Versions/A/FaceCore
0x0000000002175000 	/System/Library/Frameworks/OpenCL.framework/Versions/A/OpenCL
0x0000000002175000 	/usr/lib/libFosl_dynamic.dylib
0x0000000002175000 	/System/Library/PrivateFrameworks/OTSVG.framework/Versions/A/OTSVG
0x0000000002175000 	/System/Library/Frameworks/ApplicationServices.framework/Versions/A/Frameworks/ATS.framework/Versions/A/Resources/libFontRegistry.dylib
0x0000000002175000 	/System/Library/PrivateFrameworks/FontServices.framework/libhvf.dylib
0x0000000002175000 	/System/Library/Frameworks/OpenGL.framework/Versions/A/Libraries/libGFXShared.dylib
0x0000000002175000 	/System/Library/Frameworks/OpenGL.framework/Versions/A/Libraries/libGLU.dylib
0x0000000002175000 	/System/Library/Frameworks/OpenGL.framework/Versions/A/Libraries/libGL.dylib
0x0000000002175000 	/System/Library/Frameworks/OpenGL.framework/Versions/A/Libraries/libGLImage.dylib
0x0000000002175000 	/System/Library/Frameworks/OpenGL.framework/Versions/A/Libraries/libCVMSPluginSupport.dylib
0x0000000002175000 	/System/Library/Frameworks/OpenGL.framework/Versions/A/Libraries/libCoreVMClient.dylib
0x0000000002175000 	/usr/lib/libncurses.5.4.dylib
0x0000000002175000 	/System/Library/Frameworks/ApplicationServices.framework/Versions/A/Frameworks/ATS.framework/Versions/A/ATS
0x0000000002175000 	/System/Library/Frameworks/ApplicationServices.framework/Versions/A/Frameworks/ColorSyncLegacy.framework/Versions/A/ColorSyncLegacy
0x0000000002175000 	/System/Library/Frameworks/ApplicationServices.framework/Versions/A/Frameworks/HIServices.framework/Versions/A/HIServices
0x0000000002175000 	/System/Library/Frameworks/ApplicationServices.framework/Versions/A/Frameworks/LangAnalysis.framework/Versions/A/LangAnalysis
0x0000000002175000 	/System/Library/Frameworks/ApplicationServices.framework/Versions/A/Frameworks/PrintCore.framework/Versions/A/PrintCore
0x0000000002175000 	/System/Library/Frameworks/ApplicationServices.framework/Versions/A/Frameworks/QD.framework/Versions/A/QD
0x0000000002175000 	/System/Library/Frameworks/ApplicationServices.framework/Versions/A/Frameworks/SpeechSynthesis.framework/Versions/A/SpeechSynthesis
0x0000000002175000 	/System/Library/Frameworks/ApplicationServices.framework/Versions/A/Frameworks/ATSUI.framework/Versions/A/ATSUI
0x0000000002175000 	/usr/lib/libcups.2.dylib
0x0000000002175000 	/System/Library/Frameworks/Kerberos.framework/Versions/A/Kerberos
0x0000000002175000 	/System/Library/Frameworks/GSS.framework/Versions/A/GSS
0x0000000002175000 	/usr/lib/libresolv.9.dylib
0x0000000002175000 	/System/Library/PrivateFrameworks/Heimdal.framework/Versions/A/Heimdal
0x0000000002175000 	/System/Library/Frameworks/Kerberos.framework/Versions/A/Libraries/libHeimdalProxy.dylib
0x0000000002175000 	/usr/lib/libheimdal-asn1.dylib
0x0000000002175000 	/System/Library/PrivateFrameworks/CommonAuth.framework/Versions/A/CommonAuth
0x0000000002175000 	/System/Library/PrivateFrameworks/AssertionServices.framework/Versions/A/AssertionServices
0x0000000002175000 	/System/Library/PrivateFrameworks/AudioToolboxCore.framework/Versions/A/AudioToolboxCore
0x0000000002175000 	/System/Library/PrivateFrameworks/caulk.framework/Versions/A/caulk
0x0000000002175000 	/System/Library/PrivateFrameworks/BaseBoard.framework/Versions/A/BaseBoard
0x0000000002175000 	/System/Library/PrivateFrameworks/RunningBoardServices.framework/Versions/A/RunningBoardServices
0x0000000002175000 	/System/Library/PrivateFrameworks/PersistentConnection.framework/Versions/A/PersistentConnection
0x0000000002175000 	/System/Library/PrivateFrameworks/ProtocolBuffer.framework/Versions/A/ProtocolBuffer
0x0000000002175000 	/System/Library/PrivateFrameworks/CommonUtilities.framework/Versions/A/CommonUtilities
0x0000000002175000 	/System/Library/PrivateFrameworks/Bom.framework/Versions/A/Bom
0x0000000002175000 	/usr/lib/libAudioToolboxUtility.dylib
0x0000000002175000 	/System/Library/PrivateFrameworks/Backup.framework/Versions/A/Backup
0x0000000002175000 	/System/Library/PrivateFrameworks/CrashReporterSupport.framework/Versions/A/CrashReporterSupport
0x0000000002175000 	/System/Library/PrivateFrameworks/Sharing.framework/Versions/A/Sharing
0x0000000002175000 	/System/Library/PrivateFrameworks/Apple80211.framework/Versions/A/Apple80211
0x0000000002175000 	/System/Library/PrivateFrameworks/AuthKit.framework/Versions/A/AuthKit
0x0000000002175000 	/System/Library/PrivateFrameworks/CoreUtils.framework/Versions/A/CoreUtils
0x0000000002175000 	/System/Library/Frameworks/CoreWLAN.framework/Versions/A/CoreWLAN
0x0000000002175000 	/System/Library/Frameworks/IOBluetooth.framework/Versions/A/IOBluetooth
0x0000000002175000 	/System/Library/PrivateFrameworks/MobileKeyBag.framework/Versions/A/MobileKeyBag
0x0000000002175000 	/System/Library/PrivateFrameworks/CorePhoneNumbers.framework/Versions/A/CorePhoneNumbers
0x0000000002175000 	/System/Library/PrivateFrameworks/AppleIDAuthSupport.framework/Versions/A/AppleIDAuthSupport
0x0000000002175000 	/System/Library/Frameworks/Network.framework/Versions/A/Network
0x0000000002175000 	/System/Library/PrivateFrameworks/KeychainCircle.framework/Versions/A/KeychainCircle
0x0000000002175000 	/System/Library/Frameworks/CoreBluetooth.framework/Versions/A/CoreBluetooth
0x0000000002175000 	/System/Library/PrivateFrameworks/SpeechRecognitionCore.framework/Versions/A/SpeechRecognitionCore
0x000000010be00000 	/Library/Java/JavaVirtualMachines/jdk1.8.0_112.jdk/Contents/Home/jre/lib/server/libjvm.dylib
0x0000000002175000 	/usr/lib/libstdc++.6.dylib
0x000000010b419000 	/Library/Java/JavaVirtualMachines/jdk1.8.0_112.jdk/Contents/Home/jre/lib/libverify.dylib
0x000000010b427000 	/Library/Java/JavaVirtualMachines/jdk1.8.0_112.jdk/Contents/Home/jre/lib/libjava.dylib
0x000000010b45d000 	/Library/Java/JavaVirtualMachines/jdk1.8.0_112.jdk/Contents/Home/jre/lib/libinstrument.dylib
0x000000010b4fb000 	/Library/Java/JavaVirtualMachines/jdk1.8.0_112.jdk/Contents/Home/jre/lib/libzip.dylib
0x0000000002175000 	/System/Library/Frameworks/JavaVM.framework/Versions/A/Frameworks/JavaRuntimeSupport.framework/Versions/A/JavaRuntimeSupport
0x0000000002175000 	/System/Library/Frameworks/JavaVM.framework/Versions/A/Frameworks/JavaNativeFoundation.framework/Versions/A/JavaNativeFoundation
0x0000000002175000 	/System/Library/Frameworks/JavaVM.framework/Versions/A/JavaVM
0x0000000002175000 	/System/Library/Frameworks/Carbon.framework/Versions/A/Carbon
0x0000000002175000 	/System/Library/PrivateFrameworks/CoreSymbolication.framework/Versions/A/CoreSymbolication
0x0000000002175000 	/System/Library/PrivateFrameworks/JavaLaunching.framework/Versions/A/JavaLaunching
0x0000000002175000 	/System/Library/Frameworks/Carbon.framework/Versions/A/Frameworks/CommonPanels.framework/Versions/A/CommonPanels
0x0000000002175000 	/System/Library/Frameworks/Carbon.framework/Versions/A/Frameworks/Help.framework/Versions/A/Help
0x0000000002175000 	/System/Library/Frameworks/Carbon.framework/Versions/A/Frameworks/ImageCapture.framework/Versions/A/ImageCapture
0x0000000002175000 	/System/Library/Frameworks/Carbon.framework/Versions/A/Frameworks/OpenScripting.framework/Versions/A/OpenScripting
0x0000000002175000 	/System/Library/Frameworks/Carbon.framework/Versions/A/Frameworks/Ink.framework/Versions/A/Ink
0x0000000002175000 	/System/Library/Frameworks/Carbon.framework/Versions/A/Frameworks/Print.framework/Versions/A/Print
0x0000000002175000 	/System/Library/Frameworks/Carbon.framework/Versions/A/Frameworks/SecurityHI.framework/Versions/A/SecurityHI
0x0000000002175000 	/System/Library/PrivateFrameworks/DebugSymbols.framework/Versions/A/DebugSymbols
0x0000000113775000 	/Library/Java/JavaVirtualMachines/jdk1.8.0_112.jdk/Contents/Home/jre/lib/libnet.dylib
0x0000000124601000 	/Library/Java/JavaVirtualMachines/jdk1.8.0_112.jdk/Contents/Home/jre/lib/libprism_es2.dylib
0x0000000002175000 	/System/Library/PrivateFrameworks/CoreServicesInternal.framework/Versions/A/CoreServicesInternal
0x0000000002175000 	/System/Library/Frameworks/OpenGL.framework/Versions/A/Resources/GLEngine.bundle/GLEngine
0x0000000002175000 	/System/Library/Frameworks/OpenGL.framework/Versions/A/Libraries/libGLProgrammability.dylib
0x0000000002175000 	/System/Library/Extensions/AppleIntelBDWGraphicsGLDriver.bundle/Contents/MacOS/AppleIntelBDWGraphicsGLDriver
0x0000000002175000 	/System/Library/PrivateFrameworks/GPUSupport.framework/Versions/A/Libraries/libGPUSupportMercury.dylib
0x0000000002175000 	/System/Library/Frameworks/OpenGL.framework/Versions/A/Resources/GLRendererFloat.bundle/GLRendererFloat
0x0000000002175000 	/System/Library/Frameworks/OpenCL.framework/Versions/A/Libraries/libcldcpuengine.dylib
0x0000000002175000 	/usr/lib/libcrypto.35.dylib
0x0000000002175000 	/System/Library/PrivateFrameworks/TrustEvaluationAgent.framework/Versions/A/TrustEvaluationAgent
0x0000000124a9a000 	/Library/Java/JavaVirtualMachines/jdk1.8.0_112.jdk/Contents/Home/jre/lib/libglass.dylib
0x0000000002175000 	/System/Library/Frameworks/FileProvider.framework/Versions/A/FileProvider
0x0000000002175000 	/System/Library/Frameworks/Accounts.framework/Versions/A/Accounts
0x0000000002175000 	/System/Library/PrivateFrameworks/GenerationalStorage.framework/Versions/A/GenerationalStorage
0x0000000002175000 	/System/Library/PrivateFrameworks/SymptomDiagnosticReporter.framework/Versions/A/SymptomDiagnosticReporter
0x0000000002175000 	/System/Library/PrivateFrameworks/AppContainer.framework/Versions/A/AppContainer
0x0000000002175000 	/usr/lib/libsandbox.1.dylib
0x0000000002175000 	/System/Library/PrivateFrameworks/UserManagement.framework/Versions/A/UserManagement
0x0000000002175000 	/System/Library/PrivateFrameworks/ChunkingLibrary.framework/Versions/A/ChunkingLibrary
0x0000000002175000 	/System/Library/PrivateFrameworks/AppSandbox.framework/Versions/A/AppSandbox
0x0000000002175000 	/System/Library/PrivateFrameworks/SecCodeWrapper.framework/Versions/A/SecCodeWrapper
0x0000000002175000 	/usr/lib/libMatch.1.dylib
0x0000000002175000 	/System/Library/CoreServices/RawCamera.bundle/Contents/MacOS/RawCamera
0x0000000002175000 	/System/Library/PrivateFrameworks/MobileAsset.framework/Versions/A/MobileAsset
0x0000000002175000 	/System/Library/PrivateFrameworks/StreamingZip.framework/Versions/A/StreamingZip
0x0000000002175000 	/System/Library/Frameworks/MediaToolbox.framework/Versions/A/MediaToolbox
0x0000000002175000 	/System/Library/PrivateFrameworks/CoreAVCHD.framework/Versions/A/CoreAVCHD
0x0000000002175000 	/System/Library/Frameworks/MediaAccessibility.framework/Versions/A/MediaAccessibility
0x0000000002175000 	/System/Library/PrivateFrameworks/Mangrove.framework/Versions/A/Mangrove
0x0000000002175000 	/System/Library/Frameworks/CoreMedia.framework/Versions/A/CoreMedia
0x0000000002175000 	/System/Library/PrivateFrameworks/MediaExperience.framework/Versions/A/MediaExperience
0x0000000002175000 	/System/Library/Frameworks/VideoToolbox.framework/Versions/A/VideoToolbox
0x0000000002175000 	/System/Library/PrivateFrameworks/CoreAUC.framework/Versions/A/CoreAUC
0x0000000002175000 	/usr/lib/libspindump.dylib
0x0000000002175000 	/System/Library/PrivateFrameworks/AudioResourceArbitration.framework/Versions/A/AudioResourceArbitration
0x0000000002175000 	/System/Library/PrivateFrameworks/AppleVA.framework/Versions/A/AppleVA
0x0000000002175000 	/System/Library/Frameworks/Accelerate.framework/Versions/A/Frameworks/vImage.framework/Versions/A/Libraries/libCGInterfaces.dylib
0x00000001260a6000 	/usr/lib/libobjc-trampolines.dylib
0x0000000002175000 	/System/Library/PrivateFrameworks/FamilyControls.framework/Versions/A/FamilyControls
0x0000000002175000 	/System/Library/PrivateFrameworks/CommerceKit.framework/Versions/A/Frameworks/CommerceCore.framework/Versions/A/CommerceCore
0x0000000002175000 	/System/Library/PrivateFrameworks/SystemAdministration.framework/Versions/A/SystemAdministration
0x0000000002175000 	/System/Library/PrivateFrameworks/DiskManagement.framework/Versions/A/DiskManagement
0x0000000002175000 	/System/Library/Frameworks/DirectoryService.framework/Versions/A/DirectoryService
0x0000000002175000 	/System/Library/PrivateFrameworks/DiskImages.framework/Versions/A/DiskImages
0x0000000002175000 	/System/Library/PrivateFrameworks/LoginUIKit.framework/Versions/A/Frameworks/LoginUICore.framework/Versions/A/LoginUICore
0x0000000002175000 	/usr/lib/libCoreStorage.dylib
0x0000000002175000 	/usr/lib/libcsfde.dylib
0x0000000002175000 	/usr/lib/libodfde.dylib
0x0000000002175000 	/System/Library/PrivateFrameworks/MediaKit.framework/Versions/A/MediaKit
0x0000000002175000 	/System/Library/Frameworks/DiscRecording.framework/Versions/A/DiscRecording
0x0000000002175000 	/System/Library/PrivateFrameworks/EFILogin.framework/Versions/A/EFILogin
0x0000000002175000 	/System/Library/PrivateFrameworks/ProtectedCloudStorage.framework/Versions/A/ProtectedCloudStorage
0x0000000002175000 	/usr/lib/libcurl.4.dylib
0x0000000002175000 	/usr/lib/libcrypto.44.dylib
0x0000000002175000 	/usr/lib/libssl.46.dylib
0x0000000002175000 	/System/Library/Frameworks/LDAP.framework/Versions/A/LDAP
0x0000000002175000 	/usr/lib/libsasl2.2.dylib
0x0000000002175000 	/System/Library/PrivateFrameworks/CoreDaemon.framework/Versions/B/CoreDaemon
0x0000000002175000 	/System/Library/PrivateFrameworks/AppleSRP.framework/Versions/A/AppleSRP
0x0000000002175000 	/System/Library/PrivateFrameworks/ViewBridge.framework/Versions/A/ViewBridge
0x0000000002175000 	/System/Library/PrivateFrameworks/FontServices.framework/libTrueTypeScaler.dylib
0x0000000002175000 	/System/Library/Extensions/AppleIntelBDWGraphicsMTLDriver.bundle/Contents/MacOS/AppleIntelBDWGraphicsMTLDriver
0x0000000002175000 	/System/Library/PrivateFrameworks/GPUCompiler.framework/Versions/3902/Libraries/libmetal_timestamp.dylib
0x0000000125e91000 	/Library/Java/JavaVirtualMachines/jdk1.8.0_112.jdk/Contents/Home/jre/lib/libjavafx_font.dylib
0x0000000002175000 	/System/Library/PrivateFrameworks/login.framework/Versions/A/login
0x0000000002175000 	/System/Library/PrivateFrameworks/HDRProcessing.framework/Versions/A/HDRProcessing
0x000000012726d000 	/Library/Java/JavaVirtualMachines/jdk1.8.0_112.jdk/Contents/Home/jre/lib/libprism_common.dylib
0x00000001290aa000 	/Library/Java/JavaVirtualMachines/jdk1.8.0_112.jdk/Contents/Home/jre/lib/libawt.dylib
0x0000000129995000 	/Library/Java/JavaVirtualMachines/jdk1.8.0_112.jdk/Contents/Home/jre/lib/libmlib_image.dylib
0x0000000129a61000 	/Library/Java/JavaVirtualMachines/jdk1.8.0_112.jdk/Contents/Home/jre/lib/libawt_lwawt.dylib
0x0000000126026000 	/Library/Java/JavaVirtualMachines/jdk1.8.0_112.jdk/Contents/Home/jre/lib/libosxapp.dylib
0x0000000002175000 	/System/Library/Frameworks/ExceptionHandling.framework/Versions/A/ExceptionHandling

VM Arguments:
jvm_args: -javaagent:/Applications/IntelliJ IDEA.app/Contents/lib/idea_rt.jar=51250:/Applications/IntelliJ IDEA.app/Contents/bin -Dfile.encoding=UTF-8 
java_command: sample.WhiteBoard
java_class_path (initial): /Library/Java/JavaVirtualMachines/jdk1.8.0_112.jdk/Contents/Home/jre/lib/charsets.jar:/Library/Java/JavaVirtualMachines/jdk1.8.0_112.jdk/Contents/Home/jre/lib/deploy.jar:/Library/Java/JavaVirtualMachines/jdk1.8.0_112.jdk/Contents/Home/jre/lib/ext/cldrdata.jar:/Library/Java/JavaVirtualMachines/jdk1.8.0_112.jdk/Contents/Home/jre/lib/ext/dnsns.jar:/Library/Java/JavaVirtualMachines/jdk1.8.0_112.jdk/Contents/Home/jre/lib/ext/jaccess.jar:/Library/Java/JavaVirtualMachines/jdk1.8.0_112.jdk/Contents/Home/jre/lib/ext/jfxrt.jar:/Library/Java/JavaVirtualMachines/jdk1.8.0_112.jdk/Contents/Home/jre/lib/ext/localedata.jar:/Library/Java/JavaVirtualMachines/jdk1.8.0_112.jdk/Contents/Home/jre/lib/ext/nashorn.jar:/Library/Java/JavaVirtualMachines/jdk1.8.0_112.jdk/Contents/Home/jre/lib/ext/sunec.jar:/Library/Java/JavaVirtualMachines/jdk1.8.0_112.jdk/Contents/Home/jre/lib/ext/sunjce_provider.jar:/Library/Java/JavaVirtualMachines/jdk1.8.0_112.jdk/Contents/Home/jre/lib/ext/sunpkcs11.jar:/Library/Java/JavaVirtualMachines/jdk1.8.0_112.jdk/Contents/Home/jre/lib/ext/zipfs.jar:/Library/Java/JavaVirtualMachines/jdk1.8.0_112.jdk/Contents/Home/jre/lib/javaws.jar:/Library/Java/JavaVirtualMachines/jdk1.8.0_112.jdk/Contents/Home/jre/lib/jce.jar:/Library/Java/JavaVirtualMachines/jdk1.8.0_112.jdk/Contents/Home/jre/lib/jfr.jar:/Library/Java/JavaVirtualMachines/jdk1.8.0_112.jdk/Contents/Home/jre/lib/jfxswt.jar:/Library/Java/JavaVirtualMachines/jdk1.8.0_112.jdk/Contents/Home/jre/lib/jsse.jar:/Library/Java/JavaVirtualMachines/jdk1.8.0_112.jdk/Contents/Home/jre/lib/management-agent.jar:/Library/Java/JavaVirtualMachines/jdk1.8.0_112.jdk/Contents/Home/jre/lib/plugin.jar:/Library/Java/JavaVirtualMachines/jdk1.8.0_112.jdk/Contents/Home/jre/lib/resources.jar:/Library/Java/JavaVirtualMachines/jdk1.8.0_112.jdk/Contents/Home/jre/lib/rt.jar:/Library/Java/JavaVirtualMachines/jdk1.8.0_112.jdk/Contents/Home/lib/ant-javafx.jar:/Library/Java/JavaVirtualMachines/jdk1.8.0_112.jdk/Contents/Home
Launcher Type: SUN_STANDARD

Environment Variables:
CLASSPATH=/Users/vighneshck/Downloads/stanford-ner/stanford-ner.jar
PATH=/Users/vighneshck/miniconda2/bin:/usr/local/opt/bison/bin:/usr/local/opt/llvm/bin:/usr/local/php5/bin:/Users/vighneshck/ImageMagick-7.0.7/bin:/Library/Frameworks/Python.framework/Versions/3.6/bin:/Library/Frameworks/Python.framework/Versions/2.7/bin:/Users/vighneshck/miniconda3/bin:/usr/local/opt/sqlite/bin:/Users/vighneshck/.rbenv/shims:/opt/lo/bin:/usr/local/mysql/bin:/usr/local/bin/vmd:/usr/local/bin:/usr/local/sbin:/usr/bin:/bin:/usr/sbin:/sbin:$PATH:/Users/vighneshck/java
SHELL=/bin/bash
DISPLAY=/private/tmp/com.apple.launchd.SjdtVZ8sUk/org.macosforge.xquartz:0

Signal Handlers:
SIGSEGV: [libjvm.dylib+0x5b11a5], sa_mask[0]=11111111011111110111111111111111, sa_flags=SA_ONSTACK|SA_RESTART|SA_SIGINFO
SIGBUS: [libjvm.dylib+0x5b11a5], sa_mask[0]=11111111011111110111111111111111, sa_flags=SA_RESTART|SA_SIGINFO
SIGFPE: [libjvm.dylib+0x487dc0], sa_mask[0]=11111111011111110111111111111111, sa_flags=SA_RESTART|SA_SIGINFO
SIGPIPE: [libjvm.dylib+0x487dc0], sa_mask[0]=11111111011111110111111111111111, sa_flags=SA_RESTART|SA_SIGINFO
SIGXFSZ: [libjvm.dylib+0x487dc0], sa_mask[0]=11111111011111110111111111111111, sa_flags=SA_RESTART|SA_SIGINFO
SIGILL: [libjvm.dylib+0x487dc0], sa_mask[0]=11111111011111110111111111111111, sa_flags=SA_RESTART|SA_SIGINFO
SIGUSR1: SIG_DFL, sa_mask[0]=00000000000000000000000000000000, sa_flags=none
SIGUSR2: [libjvm.dylib+0x4878de], sa_mask[0]=00100000000000000000000000000000, sa_flags=SA_RESTART|SA_SIGINFO
SIGHUP: [libjvm.dylib+0x485eb5], sa_mask[0]=11111111011111110111111111111111, sa_flags=SA_RESTART|SA_SIGINFO
SIGINT: [libjvm.dylib+0x485eb5], sa_mask[0]=11111111011111110111111111111111, sa_flags=SA_RESTART|SA_SIGINFO
SIGTERM: [libjvm.dylib+0x485eb5], sa_mask[0]=11111111011111110111111111111111, sa_flags=SA_RESTART|SA_SIGINFO
SIGQUIT: [libjvm.dylib+0x485eb5], sa_mask[0]=11111111011111110111111111111111, sa_flags=SA_RESTART|SA_SIGINFO


---------------  S Y S T E M  ---------------

OS:Bsduname:Darwin 19.0.0 Darwin Kernel Version 19.0.0: Wed Sep 25 20:18:50 PDT 2019; root:xnu-6153.11.26~2/RELEASE_X86_64 x86_64
rlimit: STACK 8192k, CORE 0k, NPROC 1392, NOFILE 10240, AS infinity
load average:2.90 3.73 3.50

CPU:total 4 (2 cores per cpu, 2 threads per core) family 6 model 61 stepping 4, cmov, cx8, fxsr, mmx, sse, sse2, sse3, ssse3, sse4.1, sse4.2, popcnt, avx, avx2, aes, clmul, erms, 3dnowpref, lzcnt, ht, tsc, tscinvbit, bmi1, bmi2, adx

Memory: 4k page, physical 8388608k(98960k free)

/proc/meminfo:


vm_info: Java HotSpot(TM) 64-Bit Server VM (25.112-b16) for bsd-amd64 JRE (1.8.0_112-b16), built on Sep 30 2016 22:41:41 by "java_re" with gcc 4.2.1 (Based on Apple Inc. build 5658) (LLVM build 2336.11.00)

time: Sun Oct 20 21:40:01 2019
elapsed time: 67 seconds (0d 0h 1m 7s)

